<?xml version="1.0" encoding="UTF-8"?>
<!-- Generated by org.testng.reporters.JUnitReportReporter -->
<testsuite hostname="DESKTOP-8G3NH4K" failures="0" tests="7" name="learnTestNG.TestScenario7" time="0.040" errors="0" timestamp="2023-12-17T11:27:36 EST" skipped="0">
  <testcase classname="learnTestNG.TestScenario7" name="third_testcase" time="0.003"/>
  <testcase classname="learnTestNG.TestScenario7" name="seven_testcase" time="0.005"/>
  <testcase classname="learnTestNG.TestScenario7" name="forth_testcase" time="0.005"/>
  <testcase classname="learnTestNG.TestScenario7" name="fifth_testcase" time="0.015"/>
  <testcase classname="learnTestNG.TestScenario7" name="second_testcase" time="0.005"/>
  <testcase classname="learnTestNG.TestScenario7" name="six_testcase" time="0.003"/>
  <testcase classname="learnTestNG.TestScenario7" name="first_testcase" time="0.004"/>
</testsuite> <!-- learnTestNG.TestScenario7 -->
