<?xml version="1.0" encoding="UTF-8"?>
<!-- Generated by org.testng.reporters.JUnitReportReporter -->
<testsuite hostname="DESKTOP-8G3NH4K" failures="0" tests="1" name="org.wipro.automation.uo.testcases.MenuScenario" time="74.010" errors="0" timestamp="2024-01-29T23:57:00 EST" skipped="0">
  <testcase classname="org.wipro.automation.uo.testcases.MenuScenario" name="validateloginfunct" time="74.010"/>
</testsuite> <!-- org.wipro.automation.uo.testcases.MenuScenario -->
