<?xml version="1.0" encoding="UTF-8"?>
<!-- Generated by org.testng.reporters.JUnitReportReporter -->
<testsuite hostname="DESKTOP-8G3NH4K" failures="0" tests="7" name="learnTestNG.TestScenario10" time="0.055" errors="0" timestamp="2023-12-17T11:27:36 EST" skipped="0">
  <testcase classname="learnTestNG.TestScenario10" name="fifth_testcase" time="0.012"/>
  <testcase classname="learnTestNG.TestScenario10" name="third_testcase" time="0.007"/>
  <testcase classname="learnTestNG.TestScenario10" name="second_testcase" time="0.009"/>
  <testcase classname="learnTestNG.TestScenario10" name="first_testcase" time="0.008"/>
  <testcase classname="learnTestNG.TestScenario10" name="six_testcase" time="0.004"/>
  <testcase classname="learnTestNG.TestScenario10" name="forth_testcase" time="0.001"/>
  <testcase classname="learnTestNG.TestScenario10" name="seven_testcase" time="0.014"/>
</testsuite> <!-- learnTestNG.TestScenario10 -->
