<?xml version="1.0" encoding="UTF-8"?>
<!-- Generated by org.testng.reporters.JUnitReportReporter -->
<testsuite hostname="DESKTOP-8G3NH4K" failures="0" tests="7" name="learnTestNG.TestScenario9" time="0.070" errors="0" timestamp="2023-12-17T11:27:36 EST" skipped="0">
  <testcase classname="learnTestNG.TestScenario9" name="seven_testcase" time="0.004"/>
  <testcase classname="learnTestNG.TestScenario9" name="six_testcase" time="0.005"/>
  <testcase classname="learnTestNG.TestScenario9" name="fifth_testcase" time="0.025"/>
  <testcase classname="learnTestNG.TestScenario9" name="first_testcase" time="0.004"/>
  <testcase classname="learnTestNG.TestScenario9" name="second_testcase" time="0.002"/>
  <testcase classname="learnTestNG.TestScenario9" name="forth_testcase" time="0.005"/>
  <testcase classname="learnTestNG.TestScenario9" name="third_testcase" time="0.025"/>
</testsuite> <!-- learnTestNG.TestScenario9 -->
