<?xml version="1.0" encoding="UTF-8"?>
<!-- Generated by org.testng.reporters.JUnitReportReporter -->
<testsuite hostname="DESKTOP-8G3NH4K" failures="0" tests="7" name="learnTestNG.TestScenario5" time="0.033" errors="0" timestamp="2023-12-17T11:27:36 EST" skipped="0">
  <testcase classname="learnTestNG.TestScenario5" name="forth_testcase" time="0.013"/>
  <testcase classname="learnTestNG.TestScenario5" name="fifth_testcase" time="0.009"/>
  <testcase classname="learnTestNG.TestScenario5" name="first_testcase" time="0.003"/>
  <testcase classname="learnTestNG.TestScenario5" name="third_testcase" time="0.001"/>
  <testcase classname="learnTestNG.TestScenario5" name="second_testcase" time="0.003"/>
  <testcase classname="learnTestNG.TestScenario5" name="six_testcase" time="0.002"/>
  <testcase classname="learnTestNG.TestScenario5" name="seven_testcase" time="0.002"/>
</testsuite> <!-- learnTestNG.TestScenario5 -->
