<?xml version="1.0" encoding="UTF-8"?>
<!-- Generated by org.testng.reporters.JUnitReportReporter -->
<testsuite hostname="DESKTOP-8G3NH4K" failures="0" tests="4" name="org.xyz.automation.fb.HandleKeyboardMouse2" time="73.476" errors="0" timestamp="2024-01-24T01:18:43 EST" skipped="2">
  <testcase classname="org.xyz.automation.fb.HandleKeyboardMouse2" name="handleFrames" time="36.610"/>
  <testcase classname="org.xyz.automation.fb.HandleKeyboardMouse2" name="handleAlerts" time="36.866"/>
  <testcase classname="org.xyz.automation.fb.HandleKeyboardMouse2" name="handleKeyboard">
    <skipped/>
  </testcase> <!-- handleKeyboard -->
  <testcase classname="org.xyz.automation.fb.HandleKeyboardMouse2" name="handleMouse">
    <skipped/>
  </testcase> <!-- handleMouse -->
</testsuite> <!-- org.xyz.automation.fb.HandleKeyboardMouse2 -->
