<?xml version="1.0" encoding="UTF-8"?>
<!-- Generated by org.testng.reporters.JUnitReportReporter -->
<testsuite hostname="DESKTOP-8G3NH4K" failures="0" tests="3" name="org.wipro.automation.uo.testcases.LoginScenario_DDF" time="39.190" errors="0" timestamp="2024-01-29T23:27:02 EST" skipped="0">
  <testcase classname="org.wipro.automation.uo.testcases.LoginScenario_DDF" name="validateloginfunct" time="23.737"/>
  <testcase classname="org.wipro.automation.uo.testcases.LoginScenario_DDF" name="validateloginfunct" time="8.236"/>
  <testcase classname="org.wipro.automation.uo.testcases.LoginScenario_DDF" name="validateloginfunct" time="7.217"/>
</testsuite> <!-- org.wipro.automation.uo.testcases.LoginScenario_DDF -->
