<?xml version="1.0" encoding="UTF-8"?>
<!-- Generated by org.testng.reporters.JUnitReportReporter -->
<testsuite hostname="DESKTOP-8G3NH4K" failures="0" tests="2" name="org.xyz.automation.fb.FirstAutomation" time="36.576" errors="0" timestamp="2024-01-24T01:18:43 EST" skipped="0">
  <testcase classname="org.xyz.automation.fb.FirstAutomation" name="signupFunc" time="13.645"/>
  <testcase classname="org.xyz.automation.fb.FirstAutomation" name="LoginFunc" time="22.931"/>
</testsuite> <!-- org.xyz.automation.fb.FirstAutomation -->
