<?xml version="1.0" encoding="UTF-8"?>
<!-- Generated by org.testng.reporters.JUnitReportReporter -->
<testsuite hostname="DESKTOP-8G3NH4K" failures="0" tests="7" name="learnTestNG.TestScenario4" time="0.081" errors="0" timestamp="2023-12-17T11:27:36 EST" skipped="0">
  <testcase classname="learnTestNG.TestScenario4" name="forth_testcase" time="0.001"/>
  <testcase classname="learnTestNG.TestScenario4" name="third_testcase" time="0.004"/>
  <testcase classname="learnTestNG.TestScenario4" name="first_testcase" time="0.001"/>
  <testcase classname="learnTestNG.TestScenario4" name="seven_testcase" time="0.002"/>
  <testcase classname="learnTestNG.TestScenario4" name="second_testcase" time="0.001"/>
  <testcase classname="learnTestNG.TestScenario4" name="six_testcase" time="0.070"/>
  <testcase classname="learnTestNG.TestScenario4" name="fifth_testcase" time="0.002"/>
</testsuite> <!-- learnTestNG.TestScenario4 -->
