<?xml version="1.0" encoding="UTF-8"?>
<!-- Generated by org.testng.reporters.JUnitReportReporter -->
<testsuite hostname="DESKTOP-8G3NH4K" failures="0" tests="1" name="org.xyz.automation.fb.WaitWebDriver" time="22.303" errors="0" timestamp="2024-01-20T23:44:56 EST" skipped="0">
  <testcase classname="org.xyz.automation.fb.WaitWebDriver" name="lunchBrowser" time="22.303"/>
</testsuite> <!-- org.xyz.automation.fb.WaitWebDriver -->
