<?xml version="1.0" encoding="UTF-8"?>
<!-- Generated by org.testng.reporters.JUnitReportReporter -->
<testsuite hostname="DESKTOP-8G3NH4K" failures="0" tests="7" name="learnTestNG.TestScenario2" time="0.057" errors="0" timestamp="2024-01-17T11:08:26 EST" skipped="0">
  <testcase classname="learnTestNG.TestScenario2" name="first_testcase" time="0.005"/>
  <testcase classname="learnTestNG.TestScenario2" name="seven_testcase" time="0.005"/>
  <testcase classname="learnTestNG.TestScenario2" name="second_testcase" time="0.004"/>
  <testcase classname="learnTestNG.TestScenario2" name="forth_testcase" time="0.009"/>
  <testcase classname="learnTestNG.TestScenario2" name="six_testcase" time="0.010"/>
  <testcase classname="learnTestNG.TestScenario2" name="fifth_testcase" time="0.020"/>
  <testcase classname="learnTestNG.TestScenario2" name="third_testcase" time="0.004"/>
</testsuite> <!-- learnTestNG.TestScenario2 -->
