<?xml version="1.0" encoding="UTF-8"?>
<!-- Generated by org.testng.reporters.JUnitReportReporter -->
<testsuite hostname="DESKTOP-8G3NH4K" failures="0" tests="1" name="secondPkg.SimpleClass" time="0.001" errors="0" timestamp="2023-12-14T17:16:50 EST" skipped="0">
  <testcase classname="secondPkg.SimpleClass" name="printValuec" time="0.001"/>
</testsuite> <!-- secondPkg.SimpleClass -->
