<?xml version="1.0" encoding="UTF-8"?>
<!-- Generated by org.testng.reporters.JUnitReportReporter -->
<testsuite hostname="DESKTOP-8G3NH4K" failures="0" tests="1" name="org.xyz.automation.fb.FetchDataRunTime" time="11.358" errors="0" timestamp="2024-01-19T23:36:17 EST" skipped="0">
  <testcase classname="org.xyz.automation.fb.FetchDataRunTime" name="lunchBrowser" time="11.358"/>
</testsuite> <!-- org.xyz.automation.fb.FetchDataRunTime -->
