<?xml version="1.0" encoding="UTF-8"?>
<!-- Generated by org.testng.reporters.JUnitReportReporter -->
<testsuite hostname="DESKTOP-8G3NH4K" failures="0" tests="1" name="org.wipro.automation.uo.testcases.SignupScenario" time="16.647" errors="0" timestamp="2024-01-29T23:18:16 EST" skipped="0">
  <testcase classname="org.wipro.automation.uo.testcases.SignupScenario" name="validatesignupfunct" time="16.647"/>
</testsuite> <!-- org.wipro.automation.uo.testcases.SignupScenario -->
