<?xml version="1.0" encoding="UTF-8"?>
<!-- Generated by org.testng.reporters.JUnitReportReporter -->
<testsuite hostname="DESKTOP-8G3NH4K" failures="0" tests="7" name="learnTestNG.TestScenario8" time="0.085" errors="0" timestamp="2023-12-17T11:27:36 EST" skipped="0">
  <testcase classname="learnTestNG.TestScenario8" name="seven_testcase" time="0.028"/>
  <testcase classname="learnTestNG.TestScenario8" name="fifth_testcase" time="0.003"/>
  <testcase classname="learnTestNG.TestScenario8" name="six_testcase" time="0.032"/>
  <testcase classname="learnTestNG.TestScenario8" name="forth_testcase" time="0.002"/>
  <testcase classname="learnTestNG.TestScenario8" name="first_testcase" time="0.003"/>
  <testcase classname="learnTestNG.TestScenario8" name="third_testcase" time="0.007"/>
  <testcase classname="learnTestNG.TestScenario8" name="second_testcase" time="0.010"/>
</testsuite> <!-- learnTestNG.TestScenario8 -->
