<?xml version="1.0" encoding="UTF-8"?>
<!-- Generated by org.testng.reporters.JUnitReportReporter -->
<testsuite hostname="DESKTOP-8G3NH4K" failures="0" tests="1" name="secondPkg.testngDemo" time="0.004" errors="0" timestamp="2023-12-14T17:14:16 EST" skipped="0">
  <testcase classname="secondPkg.testngDemo" name="simple" time="0.004"/>
</testsuite> <!-- secondPkg.testngDemo -->
