<?xml version="1.0" encoding="UTF-8"?>
<!-- Generated by org.testng.reporters.JUnitReportReporter -->
<testsuite hostname="DESKTOP-8G3NH4K" failures="0" tests="1" name="org.xyz.automation.fb.BrowserControl" time="17.824" errors="0" timestamp="2024-01-18T22:56:47 EST" skipped="0">
  <testcase classname="org.xyz.automation.fb.BrowserControl" name="lunchBrowser" time="17.824"/>
</testsuite> <!-- org.xyz.automation.fb.BrowserControl -->
