<?xml version="1.0" encoding="UTF-8"?>
<!-- Generated by org.testng.reporters.JUnitReportReporter -->
<testsuite hostname="DESKTOP-8G3NH4K" failures="0" tests="1" name="org.xyz.automation.fb.MoreFieldsMethod" time="9.283" errors="0" timestamp="2024-01-21T00:12:41 EST" skipped="0">
  <testcase classname="org.xyz.automation.fb.MoreFieldsMethod" name="handleKeyboard" time="9.283"/>
</testsuite> <!-- org.xyz.automation.fb.MoreFieldsMethod -->
